c:\users\catagh\source\repos\mapi-smime-toolkit\release\mapismimetoolkit.pch
c:\users\catagh\source\repos\mapi-smime-toolkit\release\vc141.pdb
c:\users\catagh\source\repos\mapi-smime-toolkit\release\stdafx.obj
c:\users\catagh\source\repos\mapi-smime-toolkit\release\securityprofile.obj
c:\users\catagh\source\repos\mapi-smime-toolkit\release\registryhelper.obj
c:\users\catagh\source\repos\mapi-smime-toolkit\release\mapismimetoolkit.obj
c:\users\catagh\source\repos\mapi-smime-toolkit\release\mapisession.obj
c:\users\catagh\source\repos\mapi-smime-toolkit\release\win32\mapismimetoolkit.exe
c:\users\catagh\source\repos\mapi-smime-toolkit\release\win32\mapismimetoolkit.pdb
c:\users\catagh\source\repos\mapi-smime-toolkit\release\win32\mapismimetoolkit.ipdb
c:\users\catagh\source\repos\mapi-smime-toolkit\release\win32\mapismimetoolkit.iobj
c:\users\catagh\source\repos\mapi-smime-toolkit\release\mapismimetoolkit.res
c:\users\anixi\source\repos\mapi-smime-toolkit\release\mapisession.obj
c:\users\anixi\source\repos\mapi-smime-toolkit\release\mapismimetoolkit.obj
c:\users\anixi\source\repos\mapi-smime-toolkit\release\registryhelper.obj
c:\users\anixi\source\repos\mapi-smime-toolkit\release\securityprofile.obj
c:\users\anixi\source\repos\mapi-smime-toolkit\release\stdafx.obj
c:\users\anixi\source\repos\mapi-smime-toolkit\release\mapismimetoolkit.res
c:\users\anixi\source\repos\mapi-smime-toolkit\release\mapismimetoolkit.pch
c:\users\anixi\source\repos\mapi-smime-toolkit\release\vc141.pdb
c:\users\anixi\source\repos\mapi-smime-toolkit\release\win32\mapismimetoolkit.pdb
c:\users\anixi\source\repos\mapi-smime-toolkit\release\win32\mapismimetoolkit.exe
c:\users\anixi\source\repos\mapi-smime-toolkit\release\mapismimetoolkit.tlog\cl.command.1.tlog
c:\users\anixi\source\repos\mapi-smime-toolkit\release\mapismimetoolkit.tlog\cl.read.1.tlog
c:\users\anixi\source\repos\mapi-smime-toolkit\release\mapismimetoolkit.tlog\cl.write.1.tlog
c:\users\anixi\source\repos\mapi-smime-toolkit\release\mapismimetoolkit.tlog\link.command.1.tlog
c:\users\anixi\source\repos\mapi-smime-toolkit\release\mapismimetoolkit.tlog\link.read.1.tlog
c:\users\anixi\source\repos\mapi-smime-toolkit\release\mapismimetoolkit.tlog\link.write.1.tlog
c:\users\anixi\source\repos\mapi-smime-toolkit\release\mapismimetoolkit.tlog\mapismimetoolkit.write.1u.tlog
c:\users\anixi\source\repos\mapi-smime-toolkit\release\mapismimetoolkit.tlog\rc.command.1.tlog
c:\users\anixi\source\repos\mapi-smime-toolkit\release\mapismimetoolkit.tlog\rc.read.1.tlog
c:\users\anixi\source\repos\mapi-smime-toolkit\release\mapismimetoolkit.tlog\rc.write.1.tlog
